# JRE version: OpenJDK Runtime Environment Temurin-17.0.13+11 (17.0.13+11) (build 17.0.13+11)
# Java VM: OpenJDK 64-Bit Server VM Temurin-17.0.13+11 (17.0.13+11, mixed mode, tiered, compressed oops, compressed class ptrs, parallel gc, windows-amd64)
GC Precious Log:
 CPUs: 8 total, 8 available
 Memory: 32601M
 Large Page Support: Disabled
 NUMA Support: Disabled
 Compressed Oops: Enabled (32-bit)
 Alignments: Space 512K, Generation 512K, Heap 2M
 Heap Min Capacity: 100M
 Heap Initial Capacity: 100M
 Heap Max Capacity: 1G
 Pre-touch: Disabled
 Parallel Workers: 8
Heap:
 PSYoungGen      total 34816K, used 23542K [0x00000000eab00000, 0x00000000ed900000, 0x0000000100000000)
  eden space 23552K, 99% used [0x00000000eab00000,0x00000000ec1fdb30,0x00000000ec200000)
  from space 11264K, 0% used [0x00000000ec200000,0x00000000ec200000,0x00000000ecd00000)
  to   space 10752K, 0% used [0x00000000ecd80000,0x00000000ecd80000,0x00000000ed800000)
 ParOldGen       total 262656K, used 262198K [0x00000000c0000000, 0x00000000d0080000, 0x00000000eab00000)
  object space 262656K, 99% used [0x00000000c0000000,0x00000000d000d870,0x00000000d0080000)
 Metaspace       used 58761K, committed 59840K, reserved 1114112K
  class space    used 6261K, committed 6720K, reserved 1048576K
GC Heap History (20 events):
Event: 46.559 GC heap after
{Heap after GC invocations=175 (full 12):
 PSYoungGen      total 34816K, used 20396K [0x00000000eab00000, 0x00000000ed900000, 0x0000000100000000)
  eden space 23552K, 86% used [0x00000000eab00000,0x00000000ebeeb250,0x00000000ec200000)
  from space 11264K, 0% used [0x00000000ec200000,0x00000000ec200000,0x00000000ecd00000)
  to   space 10752K, 0% used [0x00000000ecd80000,0x00000000ecd80000,0x00000000ed800000)
 ParOldGen       total 262144K, used 262115K [0x00000000c0000000, 0x00000000d0000000, 0x00000000eab00000)
  object space 262144K, 99% used [0x00000000c0000000,0x00000000cfff8c58,0x00000000d0000000)
 Metaspace       used 58680K, committed 59776K, reserved 1114112K
  class space    used 6258K, committed 6720K, reserved 1048576K
}
Event: 46.562 GC heap before
{Heap before GC invocations=176 (full 13):
 PSYoungGen      total 34816K, used 23552K [0x00000000eab00000, 0x00000000ed900000, 0x0000000100000000)
  eden space 23552K, 100% used [0x00000000eab00000,0x00000000ec200000,0x00000000ec200000)
  from space 11264K, 0% used [0x00000000ec200000,0x00000000ec200000,0x00000000ecd00000)
  to   space 10752K, 0% used [0x00000000ecd80000,0x00000000ecd80000,0x00000000ed800000)
 ParOldGen       total 262144K, used 262115K [0x00000000c0000000, 0x00000000d0000000, 0x00000000eab00000)
  object space 262144K, 99% used [0x00000000c0000000,0x00000000cfff8c58,0x00000000d0000000)
 Metaspace       used 58714K, committed 59840K, reserved 1114112K
  class space    used 6258K, committed 6720K, reserved 1048576K
}
Event: 46.663 GC heap after
{Heap after GC invocations=176 (full 13):
 PSYoungGen      total 34304K, used 21553K [0x00000000eab00000, 0x00000000ed900000, 0x0000000100000000)
  eden space 23552K, 91% used [0x00000000eab00000,0x00000000ec00c428,0x00000000ec200000)
  from space 10752K, 0% used [0x00000000ecd80000,0x00000000ecd80000,0x00000000ed800000)
  to   space 11264K, 0% used [0x00000000ec200000,0x00000000ec200000,0x00000000ecd00000)
 ParOldGen       total 262144K, used 261996K [0x00000000c0000000, 0x00000000d0000000, 0x00000000eab00000)
  object space 262144K, 99% used [0x00000000c0000000,0x00000000cffdb258,0x00000000d0000000)
 Metaspace       used 58714K, committed 59840K, reserved 1114112K
  class space    used 6258K, committed 6720K, reserved 1048576K
}
Event: 46.664 GC heap before
{Heap before GC invocations=177 (full 14):
 PSYoungGen      total 34304K, used 23552K [0x00000000eab00000, 0x00000000ed900000, 0x0000000100000000)
  eden space 23552K, 100% used [0x00000000eab00000,0x00000000ec200000,0x00000000ec200000)
  from space 10752K, 0% used [0x00000000ecd80000,0x00000000ecd80000,0x00000000ed800000)
  to   space 11264K, 0% used [0x00000000ec200000,0x00000000ec200000,0x00000000ecd00000)
 ParOldGen       total 262144K, used 261996K [0x00000000c0000000, 0x00000000d0000000, 0x00000000eab00000)
  object space 262144K, 99% used [0x00000000c0000000,0x00000000cffdb258,0x00000000d0000000)
 Metaspace       used 58755K, committed 59840K, reserved 1114112K
  class space    used 6261K, committed 6720K, reserved 1048576K
}
Event: 46.769 GC heap after
{Heap after GC invocations=177 (full 14):
 PSYoungGen      total 34816K, used 22252K [0x00000000eab00000, 0x00000000ed900000, 0x0000000100000000)
  eden space 23552K, 94% used [0x00000000eab00000,0x00000000ec0bb3a0,0x00000000ec200000)
  from space 11264K, 0% used [0x00000000ec200000,0x00000000ec200000,0x00000000ecd00000)
  to   space 10752K, 0% used [0x00000000ecd80000,0x00000000ecd80000,0x00000000ed800000)
 ParOldGen       total 262144K, used 261995K [0x00000000c0000000, 0x00000000d0000000, 0x00000000eab00000)
  object space 262144K, 99% used [0x00000000c0000000,0x00000000cffdaeb8,0x00000000d0000000)
 Metaspace       used 58755K, committed 59840K, reserved 1114112K
  class space    used 6261K, committed 6720K, reserved 1048576K
}
Event: 46.770 GC heap before
{Heap before GC invocations=178 (full 15):
 PSYoungGen      total 34816K, used 23548K [0x00000000eab00000, 0x00000000ed900000, 0x0000000100000000)
  eden space 23552K, 99% used [0x00000000eab00000,0x00000000ec1ff3a8,0x00000000ec200000)
  from space 11264K, 0% used [0x00000000ec200000,0x00000000ec200000,0x00000000ecd00000)
  to   space 10752K, 0% used [0x00000000ecd80000,0x00000000ecd80000,0x00000000ed800000)
 ParOldGen       total 262144K, used 261995K [0x00000000c0000000, 0x00000000d0000000, 0x00000000eab00000)
  object space 262144K, 99% used [0x00000000c0000000,0x00000000cffdaeb8,0x00000000d0000000)
 Metaspace       used 58755K, committed 59840K, reserved 1114112K
  class space    used 6261K, committed 6720K, reserved 1048576K
}
Event: 46.877 GC heap after
{Heap after GC invocations=178 (full 15):
 PSYoungGen      total 34304K, used 22760K [0x00000000eab00000, 0x00000000ed900000, 0x0000000100000000)
  eden space 23552K, 96% used [0x00000000eab00000,0x00000000ec13a3f8,0x00000000ec200000)
  from space 10752K, 0% used [0x00000000ecd80000,0x00000000ecd80000,0x00000000ed800000)
  to   space 11264K, 0% used [0x00000000ec200000,0x00000000ec200000,0x00000000ecd00000)
 ParOldGen       total 262144K, used 261995K [0x00000000c0000000, 0x00000000d0000000, 0x00000000eab00000)
  object space 262144K, 99% used [0x00000000c0000000,0x00000000cffdac58,0x00000000d0000000)
 Metaspace       used 58755K, committed 59840K, reserved 1114112K
  class space    used 6261K, committed 6720K, reserved 1048576K
}
Event: 46.878 GC heap before
{Heap before GC invocations=179 (full 16):
 PSYoungGen      total 34304K, used 23533K [0x00000000eab00000, 0x00000000ed900000, 0x0000000100000000)
  eden space 23552K, 99% used [0x00000000eab00000,0x00000000ec1fb628,0x00000000ec200000)
  from space 10752K, 0% used [0x00000000ecd80000,0x00000000ecd80000,0x00000000ed800000)
  to   space 11264K, 0% used [0x00000000ec200000,0x00000000ec200000,0x00000000ecd00000)
 ParOldGen       total 262144K, used 261995K [0x00000000c0000000, 0x00000000d0000000, 0x00000000eab00000)
  object space 262144K, 99% used [0x00000000c0000000,0x00000000cffdac58,0x00000000d0000000)
 Metaspace       used 58755K, committed 59840K, reserved 1114112K
  class space    used 6261K, committed 6720K, reserved 1048576K
}
Event: 46.977 GC heap after
{Heap after GC invocations=179 (full 16):
 PSYoungGen      total 34816K, used 23102K [0x00000000eab00000, 0x00000000ed900000, 0x0000000100000000)
  eden space 23552K, 98% used [0x00000000eab00000,0x00000000ec18f8d8,0x00000000ec200000)
  from space 11264K, 0% used [0x00000000ec200000,0x00000000ec200000,0x00000000ecd00000)
  to   space 10752K, 0% used [0x00000000ecd80000,0x00000000ecd80000,0x00000000ed800000)
 ParOldGen       total 262144K, used 261994K [0x00000000c0000000, 0x00000000d0000000, 0x00000000eab00000)
  object space 262144K, 99% used [0x00000000c0000000,0x00000000cffdab68,0x00000000d0000000)
 Metaspace       used 58755K, committed 59840K, reserved 1114112K
  class space    used 6261K, committed 6720K, reserved 1048576K
}
Event: 46.978 GC heap before
{Heap before GC invocations=180 (full 17):
 PSYoungGen      total 34816K, used 23516K [0x00000000eab00000, 0x00000000ed900000, 0x0000000100000000)
  eden space 23552K, 99% used [0x00000000eab00000,0x00000000ec1f7090,0x00000000ec200000)
  from space 11264K, 0% used [0x00000000ec200000,0x00000000ec200000,0x00000000ecd00000)
  to   space 10752K, 0% used [0x00000000ecd80000,0x00000000ecd80000,0x00000000ed800000)
 ParOldGen       total 262144K, used 261994K [0x00000000c0000000, 0x00000000d0000000, 0x00000000eab00000)
  object space 262144K, 99% used [0x00000000c0000000,0x00000000cffdab68,0x00000000d0000000)
 Metaspace       used 58755K, committed 59840K, reserved 1114112K
  class space    used 6261K, committed 6720K, reserved 1048576K
}
Event: 47.080 GC heap after
{Heap after GC invocations=180 (full 17):
 PSYoungGen      total 34304K, used 23193K [0x00000000eab00000, 0x00000000ed900000, 0x0000000100000000)
  eden space 23552K, 98% used [0x00000000eab00000,0x00000000ec1a6410,0x00000000ec200000)
  from space 10752K, 0% used [0x00000000ecd80000,0x00000000ecd80000,0x00000000ed800000)
  to   space 11264K, 0% used [0x00000000ec200000,0x00000000ec200000,0x00000000ecd00000)
 ParOldGen       total 262144K, used 261994K [0x00000000c0000000, 0x00000000d0000000, 0x00000000eab00000)
  object space 262144K, 99% used [0x00000000c0000000,0x00000000cffdaac8,0x00000000d0000000)
 Metaspace       used 58755K, committed 59840K, reserved 1114112K
  class space    used 6261K, committed 6720K, reserved 1048576K
}
Event: 47.081 GC heap before
{Heap before GC invocations=181 (full 18):
 PSYoungGen      total 34304K, used 23522K [0x00000000eab00000, 0x00000000ed900000, 0x0000000100000000)
  eden space 23552K, 99% used [0x00000000eab00000,0x00000000ec1f8958,0x00000000ec200000)
  from space 10752K, 0% used [0x00000000ecd80000,0x00000000ecd80000,0x00000000ed800000)
  to   space 11264K, 0% used [0x00000000ec200000,0x00000000ec200000,0x00000000ecd00000)
 ParOldGen       total 262144K, used 261994K [0x00000000c0000000, 0x00000000d0000000, 0x00000000eab00000)
  object space 262144K, 99% used [0x00000000c0000000,0x00000000cffdaac8,0x00000000d0000000)
 Metaspace       used 58755K, committed 59840K, reserved 1114112K
  class space    used 6261K, committed 6720K, reserved 1048576K
}
Event: 47.188 GC heap after
{Heap after GC invocations=181 (full 18):
 PSYoungGen      total 34816K, used 23305K [0x00000000eab00000, 0x00000000ed900000, 0x0000000100000000)
  eden space 23552K, 98% used [0x00000000eab00000,0x00000000ec1c26d8,0x00000000ec200000)
  from space 11264K, 0% used [0x00000000ec200000,0x00000000ec200000,0x00000000ecd00000)
  to   space 10752K, 0% used [0x00000000ecd80000,0x00000000ecd80000,0x00000000ed800000)
 ParOldGen       total 262144K, used 261994K [0x00000000c0000000, 0x00000000d0000000, 0x00000000eab00000)
  object space 262144K, 99% used [0x00000000c0000000,0x00000000cffda988,0x00000000d0000000)
 Metaspace       used 58755K, committed 59840K, reserved 1114112K
  class space    used 6261K, committed 6720K, reserved 1048576K
}
Event: 47.189 GC heap before
{Heap before GC invocations=182 (full 19):
 PSYoungGen      total 34816K, used 23552K [0x00000000eab00000, 0x00000000ed900000, 0x0000000100000000)
  eden space 23552K, 100% used [0x00000000eab00000,0x00000000ec200000,0x00000000ec200000)
  from space 11264K, 0% used [0x00000000ec200000,0x00000000ec200000,0x00000000ecd00000)
  to   space 10752K, 0% used [0x00000000ecd80000,0x00000000ecd80000,0x00000000ed800000)
 ParOldGen       total 262144K, used 261994K [0x00000000c0000000, 0x00000000d0000000, 0x00000000eab00000)
  object space 262144K, 99% used [0x00000000c0000000,0x00000000cffda988,0x00000000d0000000)
 Metaspace       used 58755K, committed 59840K, reserved 1114112K
  class space    used 6261K, committed 6720K, reserved 1048576K
}
Event: 47.304 GC heap after
{Heap after GC invocations=182 (full 19):
 PSYoungGen      total 34304K, used 23396K [0x00000000eab00000, 0x00000000ed900000, 0x0000000100000000)
  eden space 23552K, 99% used [0x00000000eab00000,0x00000000ec1d9210,0x00000000ec200000)
  from space 10752K, 0% used [0x00000000ecd80000,0x00000000ecd80000,0x00000000ed800000)
  to   space 11264K, 0% used [0x00000000ec200000,0x00000000ec200000,0x00000000ecd00000)
 ParOldGen       total 262144K, used 261994K [0x00000000c0000000, 0x00000000d0000000, 0x00000000eab00000)
  object space 262144K, 99% used [0x00000000c0000000,0x00000000cffda900,0x00000000d0000000)
 Metaspace       used 58755K, committed 59840K, reserved 1114112K
  class space    used 6261K, committed 6720K, reserved 1048576K
}
Event: 47.304 GC heap before
{Heap before GC invocations=183 (full 20):
 PSYoungGen      total 34304K, used 23543K [0x00000000eab00000, 0x00000000ed900000, 0x0000000100000000)
  eden space 23552K, 99% used [0x00000000eab00000,0x00000000ec1fdca8,0x00000000ec200000)
  from space 10752K, 0% used [0x00000000ecd80000,0x00000000ecd80000,0x00000000ed800000)
  to   space 11264K, 0% used [0x00000000ec200000,0x00000000ec200000,0x00000000ecd00000)
 ParOldGen       total 262144K, used 261994K [0x00000000c0000000, 0x00000000d0000000, 0x00000000eab00000)
  object space 262144K, 99% used [0x00000000c0000000,0x00000000cffda900,0x00000000d0000000)
 Metaspace       used 58755K, committed 59840K, reserved 1114112K
  class space    used 6261K, committed 6720K, reserved 1048576K
}
Event: 47.407 GC heap after
{Heap after GC invocations=183 (full 20):
 PSYoungGen      total 34816K, used 23444K [0x00000000eab00000, 0x00000000ed900000, 0x0000000100000000)
  eden space 23552K, 99% used [0x00000000eab00000,0x00000000ec1e53e8,0x00000000ec200000)
  from space 11264K, 0% used [0x00000000ec200000,0x00000000ec200000,0x00000000ecd00000)
  to   space 10752K, 0% used [0x00000000ecd80000,0x00000000ecd80000,0x00000000ed800000)
 ParOldGen       total 262144K, used 261994K [0x00000000c0000000, 0x00000000d0000000, 0x00000000eab00000)
  object space 262144K, 99% used [0x00000000c0000000,0x00000000cffda898,0x00000000d0000000)
 Metaspace       used 58755K, committed 59840K, reserved 1114112K
  class space    used 6261K, committed 6720K, reserved 1048576K
}
Event: 47.407 GC heap before
{Heap before GC invocations=184 (full 21):
 PSYoungGen      total 34816K, used 23505K [0x00000000eab00000, 0x00000000ed900000, 0x0000000100000000)
  eden space 23552K, 99% used [0x00000000eab00000,0x00000000ec1f46b8,0x00000000ec200000)
  from space 11264K, 0% used [0x00000000ec200000,0x00000000ec200000,0x00000000ecd00000)
  to   space 10752K, 0% used [0x00000000ecd80000,0x00000000ecd80000,0x00000000ed800000)
 ParOldGen       total 262144K, used 261994K [0x00000000c0000000, 0x00000000d0000000, 0x00000000eab00000)
  object space 262144K, 99% used [0x00000000c0000000,0x00000000cffda898,0x00000000d0000000)
 Metaspace       used 58755K, committed 59840K, reserved 1114112K
  class space    used 6261K, committed 6720K, reserved 1048576K
}
Event: 47.513 GC heap after
{Heap after GC invocations=184 (full 21):
 PSYoungGen      total 34304K, used 23461K [0x00000000eab00000, 0x00000000ed900000, 0x0000000100000000)
  eden space 23552K, 99% used [0x00000000eab00000,0x00000000ec1e95f0,0x00000000ec200000)
  from space 10752K, 0% used [0x00000000ecd80000,0x00000000ecd80000,0x00000000ed800000)
  to   space 11264K, 0% used [0x00000000ec200000,0x00000000ec200000,0x00000000ecd00000)
 ParOldGen       total 262144K, used 261994K [0x00000000c0000000, 0x00000000d0000000, 0x00000000eab00000)
  object space 262144K, 99% used [0x00000000c0000000,0x00000000cffda870,0x00000000d0000000)
 Metaspace       used 58755K, committed 59840K, reserved 1114112K
  class space    used 6261K, committed 6720K, reserved 1048576K
}
Event: 47.513 GC heap before
{Heap before GC invocations=185 (full 22):
 PSYoungGen      total 34304K, used 23545K [0x00000000eab00000, 0x00000000ed900000, 0x0000000100000000)
  eden space 23552K, 99% used [0x00000000eab00000,0x00000000ec1fe430,0x00000000ec200000)
  from space 10752K, 0% used [0x00000000ecd80000,0x00000000ecd80000,0x00000000ed800000)
  to   space 11264K, 0% used [0x00000000ec200000,0x00000000ec200000,0x00000000ecd00000)
 ParOldGen       total 262144K, used 261994K [0x00000000c0000000, 0x00000000d0000000, 0x00000000eab00000)
  object space 262144K, 99% used [0x00000000c0000000,0x00000000cffda870,0x00000000d0000000)
 Metaspace       used 58755K, committed 59840K, reserved 1114112K
  class space    used 6261K, committed 6720K, reserved 1048576K
}

