# JRE version: OpenJDK Runtime Environment Temurin-17.0.13+11 (17.0.13+11) (build 17.0.13+11)
# Java VM: OpenJDK 64-Bit Server VM Temurin-17.0.13+11 (17.0.13+11, mixed mode, tiered, compressed oops, compressed class ptrs, parallel gc, windows-amd64)
GC Precious Log:
 CPUs: 8 total, 8 available
 Memory: 32601M
 Large Page Support: Disabled
 NUMA Support: Disabled
 Compressed Oops: Enabled (32-bit)
 Alignments: Space 512K, Generation 512K, Heap 2M
 Heap Min Capacity: 100M
 Heap Initial Capacity: 100M
 Heap Max Capacity: 1G
 Pre-touch: Disabled
 Parallel Workers: 8
Heap:
 PSYoungGen      total 20992K, used 8776K [0x00000000eab00000, 0x00000000ec180000, 0x0000000100000000)
  eden space 18944K, 35% used [0x00000000eab00000,0x00000000eb196ca0,0x00000000ebd80000)
  from space 2048K, 99% used [0x00000000ebd80000,0x00000000ebf7b510,0x00000000ebf80000)
  to   space 1536K, 0% used [0x00000000ec000000,0x00000000ec000000,0x00000000ec180000)
 ParOldGen       total 68608K, used 44889K [0x00000000c0000000, 0x00000000c4300000, 0x00000000eab00000)
  object space 68608K, 65% used [0x00000000c0000000,0x00000000c2bd6768,0x00000000c4300000)
 Metaspace       used 54242K, committed 55296K, reserved 1114112K
  class space    used 5793K, committed 6272K, reserved 1048576K
GC Heap History (20 events):
Event: 6.043 GC heap before
{Heap before GC invocations=20 (full 2):
 PSYoungGen      total 21504K, used 21385K [0x00000000eab00000, 0x00000000ec380000, 0x0000000100000000)
  eden space 19968K, 100% used [0x00000000eab00000,0x00000000ebe80000,0x00000000ebe80000)
  from space 1536K, 92% used [0x00000000ec100000,0x00000000ec262618,0x00000000ec280000)
  to   space 1024K, 0% used [0x00000000ec280000,0x00000000ec280000,0x00000000ec380000)
 ParOldGen       total 68608K, used 30533K [0x00000000c0000000, 0x00000000c4300000, 0x00000000eab00000)
  object space 68608K, 44% used [0x00000000c0000000,0x00000000c1dd1678,0x00000000c4300000)
 Metaspace       used 43158K, committed 44160K, reserved 1114112K
  class space    used 4461K, committed 4928K, reserved 1048576K
}
Event: 6.045 GC heap after
{Heap after GC invocations=20 (full 2):
 PSYoungGen      total 20992K, used 1021K [0x00000000eab00000, 0x00000000ec480000, 0x0000000100000000)
  eden space 19968K, 0% used [0x00000000eab00000,0x00000000eab00000,0x00000000ebe80000)
  from space 1024K, 99% used [0x00000000ec280000,0x00000000ec37f658,0x00000000ec380000)
  to   space 3072K, 0% used [0x00000000ebe80000,0x00000000ebe80000,0x00000000ec180000)
 ParOldGen       total 68608K, used 32033K [0x00000000c0000000, 0x00000000c4300000, 0x00000000eab00000)
  object space 68608K, 46% used [0x00000000c0000000,0x00000000c1f484b0,0x00000000c4300000)
 Metaspace       used 43158K, committed 44160K, reserved 1114112K
  class space    used 4461K, committed 4928K, reserved 1048576K
}
Event: 6.304 GC heap before
{Heap before GC invocations=21 (full 2):
 PSYoungGen      total 20992K, used 20989K [0x00000000eab00000, 0x00000000ec480000, 0x0000000100000000)
  eden space 19968K, 100% used [0x00000000eab00000,0x00000000ebe80000,0x00000000ebe80000)
  from space 1024K, 99% used [0x00000000ec280000,0x00000000ec37f658,0x00000000ec380000)
  to   space 3072K, 0% used [0x00000000ebe80000,0x00000000ebe80000,0x00000000ec180000)
 ParOldGen       total 68608K, used 32033K [0x00000000c0000000, 0x00000000c4300000, 0x00000000eab00000)
  object space 68608K, 46% used [0x00000000c0000000,0x00000000c1f484b0,0x00000000c4300000)
 Metaspace       used 44732K, committed 45632K, reserved 1114112K
  class space    used 4647K, committed 5056K, reserved 1048576K
}
Event: 6.306 GC heap after
{Heap after GC invocations=21 (full 2):
 PSYoungGen      total 23040K, used 832K [0x00000000eab00000, 0x00000000ec300000, 0x0000000100000000)
  eden space 19968K, 0% used [0x00000000eab00000,0x00000000eab00000,0x00000000ebe80000)
  from space 3072K, 27% used [0x00000000ebe80000,0x00000000ebf50000,0x00000000ec180000)
  to   space 1536K, 0% used [0x00000000ec180000,0x00000000ec180000,0x00000000ec300000)
 ParOldGen       total 68608K, used 32929K [0x00000000c0000000, 0x00000000c4300000, 0x00000000eab00000)
  object space 68608K, 47% used [0x00000000c0000000,0x00000000c20284b0,0x00000000c4300000)
 Metaspace       used 44732K, committed 45632K, reserved 1114112K
  class space    used 4647K, committed 5056K, reserved 1048576K
}
Event: 6.578 GC heap before
{Heap before GC invocations=22 (full 2):
 PSYoungGen      total 23040K, used 20800K [0x00000000eab00000, 0x00000000ec300000, 0x0000000100000000)
  eden space 19968K, 100% used [0x00000000eab00000,0x00000000ebe80000,0x00000000ebe80000)
  from space 3072K, 27% used [0x00000000ebe80000,0x00000000ebf50000,0x00000000ec180000)
  to   space 1536K, 0% used [0x00000000ec180000,0x00000000ec180000,0x00000000ec300000)
 ParOldGen       total 68608K, used 32929K [0x00000000c0000000, 0x00000000c4300000, 0x00000000eab00000)
  object space 68608K, 47% used [0x00000000c0000000,0x00000000c20284b0,0x00000000c4300000)
 Metaspace       used 46071K, committed 46976K, reserved 1114112K
  class space    used 4800K, committed 5184K, reserved 1048576K
}
Event: 6.580 GC heap after
{Heap after GC invocations=22 (full 2):
 PSYoungGen      total 21504K, used 1120K [0x00000000eab00000, 0x00000000ec300000, 0x0000000100000000)
  eden space 19968K, 0% used [0x00000000eab00000,0x00000000eab00000,0x00000000ebe80000)
  from space 1536K, 72% used [0x00000000ec180000,0x00000000ec298000,0x00000000ec300000)
  to   space 1536K, 0% used [0x00000000ec000000,0x00000000ec000000,0x00000000ec180000)
 ParOldGen       total 68608K, used 33521K [0x00000000c0000000, 0x00000000c4300000, 0x00000000eab00000)
  object space 68608K, 48% used [0x00000000c0000000,0x00000000c20bc4c0,0x00000000c4300000)
 Metaspace       used 46071K, committed 46976K, reserved 1114112K
  class space    used 4800K, committed 5184K, reserved 1048576K
}
Event: 6.875 GC heap before
{Heap before GC invocations=23 (full 2):
 PSYoungGen      total 21504K, used 21088K [0x00000000eab00000, 0x00000000ec300000, 0x0000000100000000)
  eden space 19968K, 100% used [0x00000000eab00000,0x00000000ebe80000,0x00000000ebe80000)
  from space 1536K, 72% used [0x00000000ec180000,0x00000000ec298000,0x00000000ec300000)
  to   space 1536K, 0% used [0x00000000ec000000,0x00000000ec000000,0x00000000ec180000)
 ParOldGen       total 68608K, used 33521K [0x00000000c0000000, 0x00000000c4300000, 0x00000000eab00000)
  object space 68608K, 48% used [0x00000000c0000000,0x00000000c20bc4c0,0x00000000c4300000)
 Metaspace       used 48196K, committed 49152K, reserved 1114112K
  class space    used 5057K, committed 5440K, reserved 1048576K
}
Event: 6.877 GC heap after
{Heap after GC invocations=23 (full 2):
 PSYoungGen      total 21504K, used 1517K [0x00000000eab00000, 0x00000000ec480000, 0x0000000100000000)
  eden space 19968K, 0% used [0x00000000eab00000,0x00000000eab00000,0x00000000ebe80000)
  from space 1536K, 98% used [0x00000000ec000000,0x00000000ec17b510,0x00000000ec180000)
  to   space 3072K, 0% used [0x00000000ec180000,0x00000000ec180000,0x00000000ec480000)
 ParOldGen       total 68608K, used 34610K [0x00000000c0000000, 0x00000000c4300000, 0x00000000eab00000)
  object space 68608K, 50% used [0x00000000c0000000,0x00000000c21ccb48,0x00000000c4300000)
 Metaspace       used 48196K, committed 49152K, reserved 1114112K
  class space    used 5057K, committed 5440K, reserved 1048576K
}
Event: 7.103 GC heap before
{Heap before GC invocations=24 (full 2):
 PSYoungGen      total 21504K, used 21485K [0x00000000eab00000, 0x00000000ec480000, 0x0000000100000000)
  eden space 19968K, 100% used [0x00000000eab00000,0x00000000ebe80000,0x00000000ebe80000)
  from space 1536K, 98% used [0x00000000ec000000,0x00000000ec17b510,0x00000000ec180000)
  to   space 3072K, 0% used [0x00000000ec180000,0x00000000ec180000,0x00000000ec480000)
 ParOldGen       total 68608K, used 34610K [0x00000000c0000000, 0x00000000c4300000, 0x00000000eab00000)
  object space 68608K, 50% used [0x00000000c0000000,0x00000000c21ccb48,0x00000000c4300000)
 Metaspace       used 50085K, committed 51072K, reserved 1114112K
  class space    used 5296K, committed 5760K, reserved 1048576K
}
Event: 7.106 GC heap after
{Heap after GC invocations=24 (full 2):
 PSYoungGen      total 22016K, used 1712K [0x00000000eab00000, 0x00000000ec380000, 0x0000000100000000)
  eden space 19968K, 0% used [0x00000000eab00000,0x00000000eab00000,0x00000000ebe80000)
  from space 2048K, 83% used [0x00000000ec180000,0x00000000ec32c060,0x00000000ec380000)
  to   space 2048K, 0% used [0x00000000ebf80000,0x00000000ebf80000,0x00000000ec180000)
 ParOldGen       total 68608K, used 36076K [0x00000000c0000000, 0x00000000c4300000, 0x00000000eab00000)
  object space 68608K, 52% used [0x00000000c0000000,0x00000000c233b378,0x00000000c4300000)
 Metaspace       used 50085K, committed 51072K, reserved 1114112K
  class space    used 5296K, committed 5760K, reserved 1048576K
}
Event: 7.201 GC heap before
{Heap before GC invocations=25 (full 2):
 PSYoungGen      total 22016K, used 21651K [0x00000000eab00000, 0x00000000ec380000, 0x0000000100000000)
  eden space 19968K, 99% used [0x00000000eab00000,0x00000000ebe78e50,0x00000000ebe80000)
  from space 2048K, 83% used [0x00000000ec180000,0x00000000ec32c060,0x00000000ec380000)
  to   space 2048K, 0% used [0x00000000ebf80000,0x00000000ebf80000,0x00000000ec180000)
 ParOldGen       total 68608K, used 36125K [0x00000000c0000000, 0x00000000c4300000, 0x00000000eab00000)
  object space 68608K, 52% used [0x00000000c0000000,0x00000000c2347778,0x00000000c4300000)
 Metaspace       used 50915K, committed 52032K, reserved 1114112K
  class space    used 5391K, committed 5888K, reserved 1048576K
}
Event: 7.204 GC heap after
{Heap after GC invocations=25 (full 2):
 PSYoungGen      total 22016K, used 1856K [0x00000000eab00000, 0x00000000ec280000, 0x0000000100000000)
  eden space 19968K, 0% used [0x00000000eab00000,0x00000000eab00000,0x00000000ebe80000)
  from space 2048K, 90% used [0x00000000ebf80000,0x00000000ec150010,0x00000000ec180000)
  to   space 1024K, 0% used [0x00000000ec180000,0x00000000ec180000,0x00000000ec280000)
 ParOldGen       total 68608K, used 37633K [0x00000000c0000000, 0x00000000c4300000, 0x00000000eab00000)
  object space 68608K, 54% used [0x00000000c0000000,0x00000000c24c04e8,0x00000000c4300000)
 Metaspace       used 50915K, committed 52032K, reserved 1114112K
  class space    used 5391K, committed 5888K, reserved 1048576K
}
Event: 7.350 GC heap before
{Heap before GC invocations=26 (full 2):
 PSYoungGen      total 22016K, used 21824K [0x00000000eab00000, 0x00000000ec280000, 0x0000000100000000)
  eden space 19968K, 100% used [0x00000000eab00000,0x00000000ebe80000,0x00000000ebe80000)
  from space 2048K, 90% used [0x00000000ebf80000,0x00000000ec150010,0x00000000ec180000)
  to   space 1024K, 0% used [0x00000000ec180000,0x00000000ec180000,0x00000000ec280000)
 ParOldGen       total 68608K, used 37635K [0x00000000c0000000, 0x00000000c4300000, 0x00000000eab00000)
  object space 68608K, 54% used [0x00000000c0000000,0x00000000c24c0d08,0x00000000c4300000)
 Metaspace       used 51727K, committed 52800K, reserved 1114112K
  class space    used 5489K, committed 5952K, reserved 1048576K
}
Event: 7.354 GC heap after
{Heap after GC invocations=26 (full 2):
 PSYoungGen      total 19968K, used 1024K [0x00000000eab00000, 0x00000000ec680000, 0x0000000100000000)
  eden space 18944K, 0% used [0x00000000eab00000,0x00000000eab00000,0x00000000ebd80000)
  from space 1024K, 100% used [0x00000000ec180000,0x00000000ec280000,0x00000000ec280000)
  to   space 4096K, 0% used [0x00000000ebd80000,0x00000000ebd80000,0x00000000ec180000)
 ParOldGen       total 68608K, used 39958K [0x00000000c0000000, 0x00000000c4300000, 0x00000000eab00000)
  object space 68608K, 58% used [0x00000000c0000000,0x00000000c2705a38,0x00000000c4300000)
 Metaspace       used 51727K, committed 52800K, reserved 1114112K
  class space    used 5489K, committed 5952K, reserved 1048576K
}
Event: 7.494 GC heap before
{Heap before GC invocations=27 (full 2):
 PSYoungGen      total 19968K, used 19968K [0x00000000eab00000, 0x00000000ec680000, 0x0000000100000000)
  eden space 18944K, 100% used [0x00000000eab00000,0x00000000ebd80000,0x00000000ebd80000)
  from space 1024K, 100% used [0x00000000ec180000,0x00000000ec280000,0x00000000ec280000)
  to   space 4096K, 0% used [0x00000000ebd80000,0x00000000ebd80000,0x00000000ec180000)
 ParOldGen       total 68608K, used 39958K [0x00000000c0000000, 0x00000000c4300000, 0x00000000eab00000)
  object space 68608K, 58% used [0x00000000c0000000,0x00000000c2705a38,0x00000000c4300000)
 Metaspace       used 52091K, committed 53120K, reserved 1114112K
  class space    used 5539K, committed 6016K, reserved 1048576K
}
Event: 7.497 GC heap after
{Heap after GC invocations=27 (full 2):
 PSYoungGen      total 21504K, used 2082K [0x00000000eab00000, 0x00000000ec280000, 0x0000000100000000)
  eden space 18944K, 0% used [0x00000000eab00000,0x00000000eab00000,0x00000000ebd80000)
  from space 2560K, 81% used [0x00000000ebd80000,0x00000000ebf88810,0x00000000ec000000)
  to   space 2560K, 0% used [0x00000000ec000000,0x00000000ec000000,0x00000000ec280000)
 ParOldGen       total 68608K, used 41003K [0x00000000c0000000, 0x00000000c4300000, 0x00000000eab00000)
  object space 68608K, 59% used [0x00000000c0000000,0x00000000c280aec8,0x00000000c4300000)
 Metaspace       used 52091K, committed 53120K, reserved 1114112K
  class space    used 5539K, committed 6016K, reserved 1048576K
}
Event: 7.680 GC heap before
{Heap before GC invocations=28 (full 2):
 PSYoungGen      total 21504K, used 21026K [0x00000000eab00000, 0x00000000ec280000, 0x0000000100000000)
  eden space 18944K, 100% used [0x00000000eab00000,0x00000000ebd80000,0x00000000ebd80000)
  from space 2560K, 81% used [0x00000000ebd80000,0x00000000ebf88810,0x00000000ec000000)
  to   space 2560K, 0% used [0x00000000ec000000,0x00000000ec000000,0x00000000ec280000)
 ParOldGen       total 68608K, used 41003K [0x00000000c0000000, 0x00000000c4300000, 0x00000000eab00000)
  object space 68608K, 59% used [0x00000000c0000000,0x00000000c280aec8,0x00000000c4300000)
 Metaspace       used 53183K, committed 54208K, reserved 1114112K
  class space    used 5680K, committed 6144K, reserved 1048576K
}
Event: 7.683 GC heap after
{Heap after GC invocations=28 (full 2):
 PSYoungGen      total 20480K, used 1335K [0x00000000eab00000, 0x00000000ec180000, 0x0000000100000000)
  eden space 18944K, 0% used [0x00000000eab00000,0x00000000eab00000,0x00000000ebd80000)
  from space 1536K, 86% used [0x00000000ec000000,0x00000000ec14df08,0x00000000ec180000)
  to   space 2048K, 0% used [0x00000000ebd80000,0x00000000ebd80000,0x00000000ebf80000)
 ParOldGen       total 68608K, used 42971K [0x00000000c0000000, 0x00000000c4300000, 0x00000000eab00000)
  object space 68608K, 62% used [0x00000000c0000000,0x00000000c29f6e60,0x00000000c4300000)
 Metaspace       used 53183K, committed 54208K, reserved 1114112K
  class space    used 5680K, committed 6144K, reserved 1048576K
}
Event: 7.971 GC heap before
{Heap before GC invocations=29 (full 2):
 PSYoungGen      total 20480K, used 20279K [0x00000000eab00000, 0x00000000ec180000, 0x0000000100000000)
  eden space 18944K, 100% used [0x00000000eab00000,0x00000000ebd80000,0x00000000ebd80000)
  from space 1536K, 86% used [0x00000000ec000000,0x00000000ec14df08,0x00000000ec180000)
  to   space 2048K, 0% used [0x00000000ebd80000,0x00000000ebd80000,0x00000000ebf80000)
 ParOldGen       total 68608K, used 42971K [0x00000000c0000000, 0x00000000c4300000, 0x00000000eab00000)
  object space 68608K, 62% used [0x00000000c0000000,0x00000000c29f6e60,0x00000000c4300000)
 Metaspace       used 54131K, committed 55232K, reserved 1114112K
  class space    used 5785K, committed 6272K, reserved 1048576K
}
Event: 7.975 GC heap after
{Heap after GC invocations=29 (full 2):
 PSYoungGen      total 20992K, used 2029K [0x00000000eab00000, 0x00000000ec180000, 0x0000000100000000)
  eden space 18944K, 0% used [0x00000000eab00000,0x00000000eab00000,0x00000000ebd80000)
  from space 2048K, 99% used [0x00000000ebd80000,0x00000000ebf7b510,0x00000000ebf80000)
  to   space 1536K, 0% used [0x00000000ec000000,0x00000000ec000000,0x00000000ec180000)
 ParOldGen       total 68608K, used 44889K [0x00000000c0000000, 0x00000000c4300000, 0x00000000eab00000)
  object space 68608K, 65% used [0x00000000c0000000,0x00000000c2bd6768,0x00000000c4300000)
 Metaspace       used 54131K, committed 55232K, reserved 1114112K
  class space    used 5785K, committed 6272K, reserved 1048576K
}

